<?xml version="1.0" encoding="UTF-8"?>
<testng-results skipped="0" failed="0" total="1" passed="1">
  <reporter-output>
  </reporter-output>
  <suite name="Suite" duration-ms="45" started-at="2015-12-07T05:57:56Z" finished-at="2015-12-07T05:57:56Z">
    <groups>
    </groups>
    <test name="Test" duration-ms="45" started-at="2015-12-07T05:57:56Z" finished-at="2015-12-07T05:57:56Z">
      <class name="p1.C1">
        <test-method status="PASS" signature="maventestexample()[pri:0, instance:p1.C1@fa8ba9]" name="maventestexample" duration-ms="23" started-at="2015-12-07T11:27:56Z" finished-at="2015-12-07T11:27:56Z">
          <reporter-output>
          </reporter-output>
        </test-method> <!-- maventestexample -->
      </class> <!-- p1.C1 -->
    </test> <!-- Test -->
  </suite> <!-- Suite -->
</testng-results>
